
Installi sqlite3 (windows): node-pre-gyp install --fallback-to-build

npm install --unsafe-perm --production


安装python解决，python(v2.7 recommended, v3.x.x is not supported) 
PYTHON = "C:\Python36-32\python.EXE"

以管理员身份执行：
npm install --global --production windows-build-tools
    它会安装python2.7
npm install --global node-gyp

安装 Win64 OpenSSL v1.1.0g 带lib/
https://slproweb.com/products/Win32OpenSSL.html
https://github.com/ReadyTalk/win32/blob/master/msvc/lib/libeay32.lib
把libeay32.lib copy C:\OpenSSL-Win64\lib\libeay32.lib

npm config set python "c:\Python\27\python.exe"

npm config set msvs_version 2015        // 要电脑里安装 Visual C++ 2015

==================================================================================
G:\zx\git\test\hapiZX\node_modules\ursa>if not defined npm_config_node_gyp (node
 "E:\Program Files\nodejs\node_modules\npm\node_modules\npm-lifecycle\node-gyp-b
in\\..\..\node_modules\node-gyp\bin\node-gyp.js" rebuild )  else (node "E:\Progr
am Files\nodejs\node_modules\npm\node_modules\node-gyp\bin\node-gyp.js" rebuild
)
在此解决方案中一次生成一个项目。若要启用并行生成，请添加“/m”开关。
MSBUILD : error MSB3428: 未能加载 Visual C++ 组件“VCBuild.exe”。要解决此问题，
1) 安装 .NET Framework 2.0 SDK；
2) 安装 Microsoft Visual Studio 2005；或 3) 如果将该组件安装到了
其他位置，请将其位置添加到系统
路径中。 [G:\zx\git\test\hapiZX\node_modules\ursa\build\binding.sln]
gyp ERR! build error
gyp ERR! stack Error: `C:\Program Files (x86)\MSBuild\14.0\bin\msbuild.exe` fail
ed with exit code: 1
gyp ERR! stack     at ChildProcess.onExit (E:\Program Files\nodejs\node_modules\
npm\node_modules\node-gyp\lib\build.js:258:23)
gyp ERR! stack     at emitTwo (events.js:126:13)
gyp ERR! stack     at ChildProcess.emit (events.js:214:7)
gyp ERR! stack     at Process.ChildProcess._handle.onexit (internal/child_proces
s.js:198:12)
gyp ERR! System Windows_NT 6.1.7601
gyp ERR! command "E:\\Program Files\\nodejs\\node.exe" "E:\\Program Files\\nodej
s\\node_modules\\npm\\node_modules\\node-gyp\\bin\\node-gyp.js" "rebuild"
gyp ERR! cwd G:\zx\git\test\hapiZX\node_modules\ursa
gyp ERR! node -v v8.9.4
gyp ERR! node-gyp -v v3.6.2
gyp ERR! not ok
npm WARN hapizx@1.0.0 No repository field.
npm WARN optional SKIPPING OPTIONAL DEPENDENCY: fsevents@1.1.3 (node_modules\fse
vents):
npm WARN notsup SKIPPING OPTIONAL DEPENDENCY: Unsupported platform for fsevents@
1.1.3: wanted {"os":"darwin","arch":"any"} (current: {"os":"win32","arch":"x64"}
)
npm WARN optional SKIPPING OPTIONAL DEPENDENCY: ursa@0.9.4 (node_modules\ursa):
npm WARN optional SKIPPING OPTIONAL DEPENDENCY: ursa@0.9.4 install: `node-gyp re
build`
npm WARN optional SKIPPING OPTIONAL DEPENDENCY: Exit status 1

+ @babel/preset-env@7.0.0-beta.40
updated 1 package in 20.656s

-------------------------
LINK : fatal error LNK1181: cannot open input file 'C:\OpenSSL-Win64\lib\libeay32.lib' 
[G:\zx\git\test\hapiZX\node_modules\ursa\build\ursaNative.vcxproj]

-----------------------------

G:\zx\git\test\hapiZX>npm install --save-dev babel-cli

> ursa@0.9.4 install G:\zx\git\test\hapiZX\node_modules\ursa
> node-gyp rebuild


G:\zx\git\test\hapiZX\node_modules\ursa>if not defined npm_config_node_gyp (node "E:\Program Files\nodejs\node_modules\npm\node_modules\npm-lifecycle\node-gyp-bin\\..\..\node_modules\node-gyp\bin\node-gyp.js" rebuild )  else (node "E:\Program Files\nodejs\node_modules\npm\node_modules\node-gyp\bin\node-gyp.js" rebuild)
在此解决方案中一次生成一个项目。若要启用并行生成，请添加“/m”开关。
  ursaNative.cc
  win_delay_load_hook.cc
..\src\ursaNative.cc(157): warning C4244: 'argument': conversion from 'ssize_t' to 'int', possible loss of data [G:\zx\git\test\hapiZX\node_modules\ursa\build\ursaNative.vcxproj]
..\src\ursaNative.cc(172): warning C4244: 'argument': conversion from 'ssize_t' to 'int', possible loss of data [G:\zx\git\test\hapiZX\node_modules\ursa\build\ursaNative.vcxproj]
     Creating library G:\zx\git\test\hapiZX\node_modules\ursa\build\Release\ursaNative.lib and object G:\zx\git\test\hapiZX\node_modules\ursa\build\Release\ursaNative.exp
  Generating code
  Finished generating code
  ursaNative.vcxproj -> G:\zx\git\test\hapiZX\node_modules\ursa\build\Release\\ursaNative.node
  ursaNative.vcxproj -> G:\zx\git\test\hapiZX\node_modules\ursa\build\Release\ursaNative.pdb (Full PDB)
npm WARN hapizx@1.0.0 No repository field.
npm WARN optional SKIPPING OPTIONAL DEPENDENCY: fsevents@1.1.3 (node_modules\fsevents):
npm WARN notsup SKIPPING OPTIONAL DEPENDENCY: Unsupported platform for fsevents@1.1.3: wanted {"os":"darwin","arch":"any"} (current: {"os":"win32","arch":"x64"})

+ babel-cli@6.26.0
added 2 packages and updated 1 package in 22.257s

